5 Elements
4 Different nodes: [0 1 2 3]

5 Branches: 
	1. branch:	V01,	i1,	v1=e1-e0
	2. branch:	R01,	i2,	v2=e1-e2
	3. branch:	D01,	i3,	v3=e2-e0
	4. branch:	R02,	i4,	v4=e2-e3
	5. branch:	D02,	i5,	v5=e3-e0

13 variables: 
e1, e2, e3, i1, i2, i3, i4, i5, v1, v2, v3, v4, v5

Incidence Matrix: 
[[-1  0 -1  0 -1]
 [ 1  1  0  0  0]
 [ 0 -1  1  1  0]
 [ 0  0  0 -1  1]]

========== Nodes voltage to reference ========
e1 =  [ 10.]
e2 =  [ 0.63418569]
e3 =  [ 0.45790737]

========== Branches voltage difference ========
v1 =  [ 10.]
v2 =  [ 9.36581431]
v3 =  [ 0.63418569]
v4 =  [ 0.17627832]
v5 =  [ 0.45790737]

=============== Branches currents ==============
i1 =  [-0.00468291]
i2 =  [ 0.00468291]
i3 =  [ 0.00450663]
i4 =  [ 0.00017628]
i5 =  [ 0.00017628]

================= End solution =================

