6 Elements
5 Different nodes: [0 1 2 3 4]

7 Branches: 
	1. branch:	V1,	i1,	v1=e1-e0
	2. branch:	R1,	i2,	v2=e1-e2
	3. branch:	R2,	i3,	v3=e2-e0
	4. branch:	Q1_be,	i4,	v4=e2-e4
	5. branch:	Q1_bc,	i5,	v5=e2-e3
	6. branch:	RC,	i6,	v6=e1-e3
	7. branch:	RE,	i7,	v7=e4-e0

18 variables: 
e1, e2, e3, e4, i1, i2, i3, i4, i5, i6, i7, v1, v2, v3, v4, v5, v6, v7

Incidence Matrix: 
[[-1  0 -1  0  0  0 -1]
 [ 1  1  0  0  0  1  0]
 [ 0 -1  1  1  1  0  0]
 [ 0  0  0  0 -1 -1  0]
 [ 0  0  0 -1  0  0  1]]

========== Nodes voltage to reference ========
e1 =  [ 10.]
e2 =  [ 1.38963105]
e3 =  [ 5.46839428]
e4 =  [ 0.77668976]

========== Branches voltage difference ========
v1 =  [ 10.]
v2 =  [ 8.61036895]
v3 =  [ 1.38963105]
v4 =  [ 0.61294129]
v5 =  [-4.07876323]
v6 =  [ 4.53160572]
v7 =  [ 0.77668976]

=============== Branches currents ==============
i1 =  [-0.00155641]
i2 =  [ 0.0001832]
i3 =  [ 0.00016947]
i4 =  [ 0.00138695]
i5 =  [-0.00137321]
i6 =  [ 0.00137321]
i7 =  [ 0.00138695]

================= End solution =================

